# JRE version: OpenJDK Runtime Environment (8.0_191-b12) (build 1.8.0_191-8u191-b12-2ubuntu0.18.10.1-b12)
# Java VM: OpenJDK 64-Bit Server VM (25.191-b12 mixed mode linux-amd64 compressed oops)
Heap:
 def new generation   total 67520K, used 0K [0x00000000c0000000, 0x00000000c4940000, 0x00000000d5550000)
  eden space 60032K,   0% used [0x00000000c0000000, 0x00000000c0000000, 0x00000000c3aa0000)
  from space 7488K,   0% used [0x00000000c41f0000, 0x00000000c41f0000, 0x00000000c4940000)
  to   space 7488K,   0% used [0x00000000c3aa0000, 0x00000000c3aa0000, 0x00000000c41f0000)
 tenured generation   total 150312K, used 133168K [0x00000000d5550000, 0x00000000de81a000, 0x0000000100000000)
   the space 150312K,  88% used [0x00000000d5550000, 0x00000000dd75c280, 0x00000000dd75c400, 0x00000000de81a000)
 Metaspace       used 85734K, capacity 90912K, committed 91136K, reserved 1128448K
  class space    used 11026K, capacity 12427K, committed 12544K, reserved 1048576K
GC Heap History (10 events):
Event: 77.211 GC heap after
Heap after GC invocations=160 (full 9):
 def new generation   total 67520K, used 5308K [0x00000000c0000000, 0x00000000c4940000, 0x00000000d5550000)
  eden space 60032K,   0% used [0x00000000c0000000, 0x00000000c0000000, 0x00000000c3aa0000)
  from space 7488K,  70% used [0x00000000c3aa0000, 0x00000000c3fcf3c8, 0x00000000c41f0000)
  to   space 7488K,   0% used [0x00000000c41f0000, 0x00000000c41f0000, 0x00000000c4940000)
 tenured generation   total 149736K, used 139664K [0x00000000d5550000, 0x00000000de78a000, 0x0000000100000000)
   the space 149736K,  93% used [0x00000000d5550000, 0x00000000dddb4068, 0x00000000dddb4200, 0x00000000de78a000)
 Metaspace       used 85682K, capacity 90902K, committed 91136K, reserved 1128448K
  class space    used 11026K, capacity 12426K, committed 12544K, reserved 1048576K
}
Event: 77.917 GC heap before
{Heap before GC invocations=160 (full 9):
 def new generation   total 67520K, used 65340K [0x00000000c0000000, 0x00000000c4940000, 0x00000000d5550000)
  eden space 60032K, 100% used [0x00000000c0000000, 0x00000000c3aa0000, 0x00000000c3aa0000)
  from space 7488K,  70% used [0x00000000c3aa0000, 0x00000000c3fcf3c8, 0x00000000c41f0000)
  to   space 7488K,   0% used [0x00000000c41f0000, 0x00000000c41f0000, 0x00000000c4940000)
 tenured generation   total 149736K, used 139664K [0x00000000d5550000, 0x00000000de78a000, 0x0000000100000000)
   the space 149736K,  93% used [0x00000000d5550000, 0x00000000dddb4068, 0x00000000dddb4200, 0x00000000de78a000)
 Metaspace       used 85701K, capacity 90902K, committed 91136K, reserved 1128448K
  class space    used 11026K, capacity 12426K, committed 12544K, reserved 1048576K
Event: 77.956 GC heap after
Heap after GC invocations=161 (full 9):
 def new generation   total 67520K, used 5321K [0x00000000c0000000, 0x00000000c4940000, 0x00000000d5550000)
  eden space 60032K,   0% used [0x00000000c0000000, 0x00000000c0000000, 0x00000000c3aa0000)
  from space 7488K,  71% used [0x00000000c41f0000, 0x00000000c47226f8, 0x00000000c4940000)
  to   space 7488K,   0% used [0x00000000c3aa0000, 0x00000000c3aa0000, 0x00000000c41f0000)
 tenured generation   total 149736K, used 141513K [0x00000000d5550000, 0x00000000de78a000, 0x0000000100000000)
   the space 149736K,  94% used [0x00000000d5550000, 0x00000000ddf82780, 0x00000000ddf82800, 0x00000000de78a000)
 Metaspace       used 85701K, capacity 90902K, committed 91136K, reserved 1128448K
  class space    used 11026K, capacity 12426K, committed 12544K, reserved 1048576K
}
Event: 78.635 GC heap before
{Heap before GC invocations=161 (full 9):
 def new generation   total 67520K, used 65353K [0x00000000c0000000, 0x00000000c4940000, 0x00000000d5550000)
  eden space 60032K, 100% used [0x00000000c0000000, 0x00000000c3aa0000, 0x00000000c3aa0000)
  from space 7488K,  71% used [0x00000000c41f0000, 0x00000000c47226f8, 0x00000000c4940000)
  to   space 7488K,   0% used [0x00000000c3aa0000, 0x00000000c3aa0000, 0x00000000c41f0000)
 tenured generation   total 149736K, used 141513K [0x00000000d5550000, 0x00000000de78a000, 0x0000000100000000)
   the space 149736K,  94% used [0x00000000d5550000, 0x00000000ddf82780, 0x00000000ddf82800, 0x00000000de78a000)
 Metaspace       used 85708K, capacity 90902K, committed 91136K, reserved 1128448K
  class space    used 11026K, capacity 12426K, committed 12544K, reserved 1048576K
Event: 78.688 GC heap after
Heap after GC invocations=162 (full 9):
 def new generation   total 67520K, used 3845K [0x00000000c0000000, 0x00000000c4940000, 0x00000000d5550000)
  eden space 60032K,   0% used [0x00000000c0000000, 0x00000000c0000000, 0x00000000c3aa0000)
  from space 7488K,  51% used [0x00000000c3aa0000, 0x00000000c3e617b8, 0x00000000c41f0000)
  to   space 7488K,   0% used [0x00000000c41f0000, 0x00000000c41f0000, 0x00000000c4940000)
 tenured generation   total 149736K, used 144819K [0x00000000d5550000, 0x00000000de78a000, 0x0000000100000000)
   the space 149736K,  96% used [0x00000000d5550000, 0x00000000de2bcff8, 0x00000000de2bd000, 0x00000000de78a000)
 Metaspace       used 85708K, capacity 90902K, committed 91136K, reserved 1128448K
  class space    used 11026K, capacity 12426K, committed 12544K, reserved 1048576K
}
Event: 79.376 GC heap before
{Heap before GC invocations=162 (full 9):
 def new generation   total 67520K, used 63877K [0x00000000c0000000, 0x00000000c4940000, 0x00000000d5550000)
  eden space 60032K, 100% used [0x00000000c0000000, 0x00000000c3aa0000, 0x00000000c3aa0000)
  from space 7488K,  51% used [0x00000000c3aa0000, 0x00000000c3e617b8, 0x00000000c41f0000)
  to   space 7488K,   0% used [0x00000000c41f0000, 0x00000000c41f0000, 0x00000000c4940000)
 tenured generation   total 149736K, used 144819K [0x00000000d5550000, 0x00000000de78a000, 0x0000000100000000)
   the space 149736K,  96% used [0x00000000d5550000, 0x00000000de2bcff8, 0x00000000de2bd000, 0x00000000de78a000)
 Metaspace       used 85718K, capacity 90902K, committed 91136K, reserved 1128448K
  class space    used 11026K, capacity 12426K, committed 12544K, reserved 1048576K
Event: 79.411 GC heap after
Heap after GC invocations=163 (full 9):
 def new generation   total 67520K, used 3841K [0x00000000c0000000, 0x00000000c4940000, 0x00000000d5550000)
  eden space 60032K,   0% used [0x00000000c0000000, 0x00000000c0000000, 0x00000000c3aa0000)
  from space 7488K,  51% used [0x00000000c41f0000, 0x00000000c45b0758, 0x00000000c4940000)
  to   space 7488K,   0% used [0x00000000c3aa0000, 0x00000000c3aa0000, 0x00000000c41f0000)
 tenured generation   total 149736K, used 146454K [0x00000000d5550000, 0x00000000de78a000, 0x0000000100000000)
   the space 149736K,  97% used [0x00000000d5550000, 0x00000000de455be0, 0x00000000de455c00, 0x00000000de78a000)
 Metaspace       used 85718K, capacity 90902K, committed 91136K, reserved 1128448K
  class space    used 11026K, capacity 12426K, committed 12544K, reserved 1048576K
}
Event: 80.113 GC heap before
{Heap before GC invocations=163 (full 9):
 def new generation   total 67520K, used 63873K [0x00000000c0000000, 0x00000000c4940000, 0x00000000d5550000)
  eden space 60032K, 100% used [0x00000000c0000000, 0x00000000c3aa0000, 0x00000000c3aa0000)
  from space 7488K,  51% used [0x00000000c41f0000, 0x00000000c45b0758, 0x00000000c4940000)
  to   space 7488K,   0% used [0x00000000c3aa0000, 0x00000000c3aa0000, 0x00000000c41f0000)
 tenured generation   total 149736K, used 146454K [0x00000000d5550000, 0x00000000de78a000, 0x0000000100000000)
   the space 149736K,  97% used [0x00000000d5550000, 0x00000000de455be0, 0x00000000de455c00, 0x00000000de78a000)
 Metaspace       used 85722K, capacity 90906K, committed 91136K, reserved 1128448K
  class space    used 11026K, capacity 12426K, committed 12544K, reserved 1048576K
Event: 80.147 GC heap after
Heap after GC invocations=164 (full 9):
 def new generation   total 67520K, used 3834K [0x00000000c0000000, 0x00000000c4940000, 0x00000000d5550000)
  eden space 60032K,   0% used [0x00000000c0000000, 0x00000000c0000000, 0x00000000c3aa0000)
  from space 7488K,  51% used [0x00000000c3aa0000, 0x00000000c3e5e8c8, 0x00000000c41f0000)
  to   space 7488K,   0% used [0x00000000c41f0000, 0x00000000c41f0000, 0x00000000c4940000)
 tenured generation   total 149736K, used 148396K [0x00000000d5550000, 0x00000000de78a000, 0x0000000100000000)
   the space 149736K,  99% used [0x00000000d5550000, 0x00000000de63b098, 0x00000000de63b200, 0x00000000de78a000)
 Metaspace       used 85722K, capacity 90906K, committed 91136K, reserved 1128448K
  class space    used 11026K, capacity 12426K, committed 12544K, reserved 1048576K
}
Event: 80.889 GC heap before
{Heap before GC invocations=164 (full 9):
 def new generation   total 67520K, used 63866K [0x00000000c0000000, 0x00000000c4940000, 0x00000000d5550000)
  eden space 60032K, 100% used [0x00000000c0000000, 0x00000000c3aa0000, 0x00000000c3aa0000)
  from space 7488K,  51% used [0x00000000c3aa0000, 0x00000000c3e5e8c8, 0x00000000c41f0000)
  to   space 7488K,   0% used [0x00000000c41f0000, 0x00000000c41f0000, 0x00000000c4940000)
 tenured generation   total 149736K, used 148396K [0x00000000d5550000, 0x00000000de78a000, 0x0000000100000000)
   the space 149736K,  99% used [0x00000000d5550000, 0x00000000de63b098, 0x00000000de63b200, 0x00000000de78a000)
 Metaspace       used 85734K, capacity 90912K, committed 91136K, reserved 1128448K
  class space    used 11026K, capacity 12427K, committed 12544K, reserved 1048576K

